<?xml version="1.0" encoding="UTF-8"?>
<robot generator="Robot 5.0 (Python 3.9.10 on win32)" generated="20220501 20:45:15.602" rpa="false" schemaversion="3">
<suite id="s1" name="Wall.Post Api" source="C:\Users\MJald\Desktop\RobotFrameworkVenv\VK-API_Test\Test_suites\wall.post_api.robot">
<test id="s1-t1" name="Test wall.post create wall post" line="15">
<kw name="GET" library="RequestsLibrary">
<var>${wall_post_message_1_url_resp}</var>
<arg>${wall_post_message_url}</arg>
<doc>Sends a GET request.</doc>
<msg timestamp="20220501 20:45:15.885" level="INFO">GET Request : url=https://api.vk.com/method/wall.post?access_token=880e44a594166a1f7a1d10884139f111a8c9f39dc8027e5605d5c7114a05bc5d7240e42a39b505cb8eb2f&amp;v=5.81&amp;message=%D0%9F%D1%80%D0%BE%D0%B4%D0%B0%D0%BC%20%D0%93%D0%B0%D1%80%D0%B0%D0%B6 
 path_url=/method/wall.post?access_token=880e44a594166a1f7a1d10884139f111a8c9f39dc8027e5605d5c7114a05bc5d7240e42a39b505cb8eb2f&amp;v=5.81&amp;message=%D0%9F%D1%80%D0%BE%D0%B4%D0%B0%D0%BC%20%D0%93%D0%B0%D1%80%D0%B0%D0%B6 
 headers={'User-Agent': 'python-requests/2.27.1', 'Accept-Encoding': 'gzip, deflate', 'Accept': '*/*', 'Connection': 'keep-alive'} 
 body=None 
 </msg>
<msg timestamp="20220501 20:45:15.885" level="INFO">GET Response : url=https://api.vk.com/method/wall.post?access_token=880e44a594166a1f7a1d10884139f111a8c9f39dc8027e5605d5c7114a05bc5d7240e42a39b505cb8eb2f&amp;v=5.81&amp;message=%D0%9F%D1%80%D0%BE%D0%B4%D0%B0%D0%BC%20%D0%93%D0%B0%D1%80%D0%B0%D0%B6 
 status=200, reason=OK 
 headers={'Server': 'kittenx', 'Date': 'Sun, 01 May 2022 17:45:18 GMT', 'Content-Type': 'application/json; charset=utf-8', 'Content-Length': '48', 'Connection': 'keep-alive', 'X-Powered-By': 'KPHP/7.4.110994', 'Set-Cookie': 'remixir=DELETED; expires=Thu, 01 Jan 1970 00:00:01 GMT; path=/; domain=.vk.com; secure; HttpOnly', 'Cache-control': 'no-store', 'X-Frame-Options': 'DENY', 'Content-Encoding': 'gzip'} 
 body={"response":{"post_id":181}} 
 </msg>
<msg timestamp="20220501 20:45:15.900" level="INFO">${wall_post_message_1_url_resp} = &lt;Response [200]&gt;</msg>
<status status="PASS" starttime="20220501 20:45:15.696" endtime="20220501 20:45:15.900"/>
</kw>
<kw name="Log" library="BuiltIn">
<arg>Go to api-url: ${wall_post_message_url}</arg>
<doc>Logs the given message with the given level.</doc>
<msg timestamp="20220501 20:45:15.900" level="INFO">Go to api-url: https://api.vk.com/method/wall.post?access_token=880e44a594166a1f7a1d10884139f111a8c9f39dc8027e5605d5c7114a05bc5d7240e42a39b505cb8eb2f&amp;v=5.81&amp;message=Продам%20Гараж</msg>
<status status="PASS" starttime="20220501 20:45:15.900" endtime="20220501 20:45:15.900"/>
</kw>
<kw name="Log" library="BuiltIn">
<arg>Сhecking the correct response: ${wall_post_message_1_url_resp.json()}[response][post_id]</arg>
<doc>Logs the given message with the given level.</doc>
<msg timestamp="20220501 20:45:15.900" level="INFO">Сhecking the correct response: 181</msg>
<status status="PASS" starttime="20220501 20:45:15.900" endtime="20220501 20:45:15.900"/>
</kw>
<tag>PositiveTest</tag>
<tag>SmokeTesting</tag>
<tag>wall.postMethod</tag>
<status status="PASS" starttime="20220501 20:45:15.696" endtime="20220501 20:45:15.900"/>
</test>
<test id="s1-t2" name="Test wall.post edit wall post" line="21">
<kw name="Get post id">
<var>${wall_post_id}</var>
<kw name="GET" library="RequestsLibrary">
<var>${wall_post_message_1_url_resp}</var>
<arg>${wall_post_message_url}</arg>
<doc>Sends a GET request.</doc>
<msg timestamp="20220501 20:45:16.182" level="INFO">GET Request : url=https://api.vk.com/method/wall.post?access_token=880e44a594166a1f7a1d10884139f111a8c9f39dc8027e5605d5c7114a05bc5d7240e42a39b505cb8eb2f&amp;v=5.81&amp;message=%D0%9F%D1%80%D0%BE%D0%B4%D0%B0%D0%BC%20%D0%93%D0%B0%D1%80%D0%B0%D0%B6 
 path_url=/method/wall.post?access_token=880e44a594166a1f7a1d10884139f111a8c9f39dc8027e5605d5c7114a05bc5d7240e42a39b505cb8eb2f&amp;v=5.81&amp;message=%D0%9F%D1%80%D0%BE%D0%B4%D0%B0%D0%BC%20%D0%93%D0%B0%D1%80%D0%B0%D0%B6 
 headers={'User-Agent': 'python-requests/2.27.1', 'Accept-Encoding': 'gzip, deflate', 'Accept': '*/*', 'Connection': 'keep-alive'} 
 body=None 
 </msg>
<msg timestamp="20220501 20:45:16.182" level="INFO">GET Response : url=https://api.vk.com/method/wall.post?access_token=880e44a594166a1f7a1d10884139f111a8c9f39dc8027e5605d5c7114a05bc5d7240e42a39b505cb8eb2f&amp;v=5.81&amp;message=%D0%9F%D1%80%D0%BE%D0%B4%D0%B0%D0%BC%20%D0%93%D0%B0%D1%80%D0%B0%D0%B6 
 status=200, reason=OK 
 headers={'Server': 'kittenx', 'Date': 'Sun, 01 May 2022 17:45:19 GMT', 'Content-Type': 'application/json; charset=utf-8', 'Content-Length': '48', 'Connection': 'keep-alive', 'X-Powered-By': 'KPHP/7.4.110994', 'Set-Cookie': 'remixir=DELETED; expires=Thu, 01 Jan 1970 00:00:01 GMT; path=/; domain=.vk.com; secure; HttpOnly', 'Cache-control': 'no-store', 'X-Frame-Options': 'DENY', 'Content-Encoding': 'gzip'} 
 body={"response":{"post_id":182}} 
 </msg>
<msg timestamp="20220501 20:45:16.182" level="INFO">${wall_post_message_1_url_resp} = &lt;Response [200]&gt;</msg>
<status status="PASS" starttime="20220501 20:45:15.916" endtime="20220501 20:45:16.182"/>
</kw>
<kw name="Convert To Integer" library="BuiltIn">
<var>${wall_post_id}</var>
<arg>${wall_post_message_1_url_resp.json()}[response][post_id]</arg>
<doc>Converts the given item to an integer number.</doc>
<msg timestamp="20220501 20:45:16.182" level="INFO">${wall_post_id} = 182</msg>
<status status="PASS" starttime="20220501 20:45:16.182" endtime="20220501 20:45:16.182"/>
</kw>
<msg timestamp="20220501 20:45:16.182" level="INFO">${wall_post_id} = 182</msg>
<status status="PASS" starttime="20220501 20:45:15.916" endtime="20220501 20:45:16.182"/>
</kw>
<kw name="Strip String" library="String">
<var>${wall_edit_message_1_url}</var>
<arg>${wall_edit_message_url}&amp;post_id=${wall_post_id}</arg>
<doc>Remove leading and/or trailing whitespaces from the given string.</doc>
<msg timestamp="20220501 20:45:16.182" level="INFO">${wall_edit_message_1_url} = https://api.vk.com/method/wall.edit?access_token=880e44a594166a1f7a1d10884139f111a8c9f39dc8027e5605d5c7114a05bc5d7240e42a39b505cb8eb2f&amp;v=5.81&amp;message=Куплю%20Шкаф&amp;post_id=182</msg>
<status status="PASS" starttime="20220501 20:45:16.182" endtime="20220501 20:45:16.182"/>
</kw>
<kw name="GET" library="RequestsLibrary">
<var>${wall_edit_message_1_url_resp}</var>
<arg>${wall_edit_message_1_url}</arg>
<doc>Sends a GET request.</doc>
<msg timestamp="20220501 20:45:16.338" level="INFO">GET Request : url=https://api.vk.com/method/wall.edit?access_token=880e44a594166a1f7a1d10884139f111a8c9f39dc8027e5605d5c7114a05bc5d7240e42a39b505cb8eb2f&amp;v=5.81&amp;message=%D0%9A%D1%83%D0%BF%D0%BB%D1%8E%20%D0%A8%D0%BA%D0%B0%D1%84&amp;post_id=182 
 path_url=/method/wall.edit?access_token=880e44a594166a1f7a1d10884139f111a8c9f39dc8027e5605d5c7114a05bc5d7240e42a39b505cb8eb2f&amp;v=5.81&amp;message=%D0%9A%D1%83%D0%BF%D0%BB%D1%8E%20%D0%A8%D0%BA%D0%B0%D1%84&amp;post_id=182 
 headers={'User-Agent': 'python-requests/2.27.1', 'Accept-Encoding': 'gzip, deflate', 'Accept': '*/*', 'Connection': 'keep-alive'} 
 body=None 
 </msg>
<msg timestamp="20220501 20:45:16.338" level="INFO">GET Response : url=https://api.vk.com/method/wall.edit?access_token=880e44a594166a1f7a1d10884139f111a8c9f39dc8027e5605d5c7114a05bc5d7240e42a39b505cb8eb2f&amp;v=5.81&amp;message=%D0%9A%D1%83%D0%BF%D0%BB%D1%8E%20%D0%A8%D0%BA%D0%B0%D1%84&amp;post_id=182 
 status=200, reason=OK 
 headers={'Server': 'kittenx', 'Date': 'Sun, 01 May 2022 17:45:19 GMT', 'Content-Type': 'application/json; charset=utf-8', 'Content-Length': '34', 'Connection': 'keep-alive', 'X-Powered-By': 'KPHP/7.4.110994', 'Set-Cookie': 'remixir=DELETED; expires=Thu, 01 Jan 1970 00:00:01 GMT; path=/; domain=.vk.com; secure; HttpOnly', 'Cache-control': 'no-store', 'X-Frame-Options': 'DENY', 'Content-Encoding': 'gzip'} 
 body={"response":1} 
 </msg>
<msg timestamp="20220501 20:45:16.338" level="INFO">${wall_edit_message_1_url_resp} = &lt;Response [200]&gt;</msg>
<status status="PASS" starttime="20220501 20:45:16.182" endtime="20220501 20:45:16.338"/>
</kw>
<kw name="Log" library="BuiltIn">
<arg>Go to api-url: ${wall_edit_message_1_url}</arg>
<doc>Logs the given message with the given level.</doc>
<msg timestamp="20220501 20:45:16.338" level="INFO">Go to api-url: https://api.vk.com/method/wall.edit?access_token=880e44a594166a1f7a1d10884139f111a8c9f39dc8027e5605d5c7114a05bc5d7240e42a39b505cb8eb2f&amp;v=5.81&amp;message=Куплю%20Шкаф&amp;post_id=182</msg>
<status status="PASS" starttime="20220501 20:45:16.338" endtime="20220501 20:45:16.338"/>
</kw>
<tag>PositiveTest</tag>
<tag>SmokeTesting</tag>
<tag>wall.postMethod</tag>
<status status="PASS" starttime="20220501 20:45:15.900" endtime="20220501 20:45:16.338"/>
</test>
<test id="s1-t3" name="Test wall.post delete wall post" line="28">
<kw name="Get post id">
<var>${wall_delete_id_1}</var>
<kw name="GET" library="RequestsLibrary">
<var>${wall_post_message_1_url_resp}</var>
<arg>${wall_post_message_url}</arg>
<doc>Sends a GET request.</doc>
<msg timestamp="20220501 20:45:16.543" level="INFO">GET Request : url=https://api.vk.com/method/wall.post?access_token=880e44a594166a1f7a1d10884139f111a8c9f39dc8027e5605d5c7114a05bc5d7240e42a39b505cb8eb2f&amp;v=5.81&amp;message=%D0%9F%D1%80%D0%BE%D0%B4%D0%B0%D0%BC%20%D0%93%D0%B0%D1%80%D0%B0%D0%B6 
 path_url=/method/wall.post?access_token=880e44a594166a1f7a1d10884139f111a8c9f39dc8027e5605d5c7114a05bc5d7240e42a39b505cb8eb2f&amp;v=5.81&amp;message=%D0%9F%D1%80%D0%BE%D0%B4%D0%B0%D0%BC%20%D0%93%D0%B0%D1%80%D0%B0%D0%B6 
 headers={'User-Agent': 'python-requests/2.27.1', 'Accept-Encoding': 'gzip, deflate', 'Accept': '*/*', 'Connection': 'keep-alive'} 
 body=None 
 </msg>
<msg timestamp="20220501 20:45:16.543" level="INFO">GET Response : url=https://api.vk.com/method/wall.post?access_token=880e44a594166a1f7a1d10884139f111a8c9f39dc8027e5605d5c7114a05bc5d7240e42a39b505cb8eb2f&amp;v=5.81&amp;message=%D0%9F%D1%80%D0%BE%D0%B4%D0%B0%D0%BC%20%D0%93%D0%B0%D1%80%D0%B0%D0%B6 
 status=200, reason=OK 
 headers={'Server': 'kittenx', 'Date': 'Sun, 01 May 2022 17:45:19 GMT', 'Content-Type': 'application/json; charset=utf-8', 'Content-Length': '48', 'Connection': 'keep-alive', 'X-Powered-By': 'KPHP/7.4.110994', 'Set-Cookie': 'remixir=DELETED; expires=Thu, 01 Jan 1970 00:00:01 GMT; path=/; domain=.vk.com; secure; HttpOnly', 'Cache-control': 'no-store', 'X-Frame-Options': 'DENY', 'Content-Encoding': 'gzip'} 
 body={"response":{"post_id":183}} 
 </msg>
<msg timestamp="20220501 20:45:16.543" level="INFO">${wall_post_message_1_url_resp} = &lt;Response [200]&gt;</msg>
<status status="PASS" starttime="20220501 20:45:16.356" endtime="20220501 20:45:16.543"/>
</kw>
<kw name="Convert To Integer" library="BuiltIn">
<var>${wall_post_id}</var>
<arg>${wall_post_message_1_url_resp.json()}[response][post_id]</arg>
<doc>Converts the given item to an integer number.</doc>
<msg timestamp="20220501 20:45:16.543" level="INFO">${wall_post_id} = 183</msg>
<status status="PASS" starttime="20220501 20:45:16.543" endtime="20220501 20:45:16.543"/>
</kw>
<msg timestamp="20220501 20:45:16.543" level="INFO">${wall_delete_id_1} = 183</msg>
<status status="PASS" starttime="20220501 20:45:16.356" endtime="20220501 20:45:16.543"/>
</kw>
<kw name="Evaluate" library="BuiltIn">
<var>${wall_delete_id_2}</var>
<arg>${wall_delete_id_1}-1</arg>
<doc>Evaluates the given expression in Python and returns the result.</doc>
<msg timestamp="20220501 20:45:16.559" level="INFO">${wall_delete_id_2} = 182</msg>
<status status="PASS" starttime="20220501 20:45:16.559" endtime="20220501 20:45:16.559"/>
</kw>
<kw name="Evaluate" library="BuiltIn">
<var>${wall_delete_id_3}</var>
<arg>${wall_delete_id_1}-2</arg>
<doc>Evaluates the given expression in Python and returns the result.</doc>
<msg timestamp="20220501 20:45:16.559" level="INFO">${wall_delete_id_3} = 181</msg>
<status status="PASS" starttime="20220501 20:45:16.559" endtime="20220501 20:45:16.559"/>
</kw>
<kw name="Log" library="BuiltIn">
<arg>Delete post num: ${wall_delete_id_1}</arg>
<doc>Logs the given message with the given level.</doc>
<msg timestamp="20220501 20:45:16.559" level="INFO">Delete post num: 183</msg>
<status status="PASS" starttime="20220501 20:45:16.559" endtime="20220501 20:45:16.559"/>
</kw>
<kw name="Log" library="BuiltIn">
<arg>Delete post num: ${wall_delete_id_2}</arg>
<doc>Logs the given message with the given level.</doc>
<msg timestamp="20220501 20:45:16.559" level="INFO">Delete post num: 182</msg>
<status status="PASS" starttime="20220501 20:45:16.559" endtime="20220501 20:45:16.559"/>
</kw>
<kw name="Log" library="BuiltIn">
<arg>Delete post num: ${wall_delete_id_3}</arg>
<doc>Logs the given message with the given level.</doc>
<msg timestamp="20220501 20:45:16.559" level="INFO">Delete post num: 181</msg>
<status status="PASS" starttime="20220501 20:45:16.559" endtime="20220501 20:45:16.559"/>
</kw>
<kw name="Strip String" library="String">
<var>${wall_delete_message_1_url}</var>
<arg>${wall_delete_message_url}&amp;post_id=${wall_delete_id_1}</arg>
<doc>Remove leading and/or trailing whitespaces from the given string.</doc>
<msg timestamp="20220501 20:45:16.574" level="INFO">${wall_delete_message_1_url} = https://api.vk.com/method/wall.delete?access_token=880e44a594166a1f7a1d10884139f111a8c9f39dc8027e5605d5c7114a05bc5d7240e42a39b505cb8eb2f&amp;v=5.81&amp;post_id=183</msg>
<status status="PASS" starttime="20220501 20:45:16.559" endtime="20220501 20:45:16.574"/>
</kw>
<kw name="Strip String" library="String">
<var>${wall_delete_message_2_url}</var>
<arg>${wall_delete_message_url}&amp;post_id=${wall_delete_id_2}</arg>
<doc>Remove leading and/or trailing whitespaces from the given string.</doc>
<msg timestamp="20220501 20:45:16.574" level="INFO">${wall_delete_message_2_url} = https://api.vk.com/method/wall.delete?access_token=880e44a594166a1f7a1d10884139f111a8c9f39dc8027e5605d5c7114a05bc5d7240e42a39b505cb8eb2f&amp;v=5.81&amp;post_id=182</msg>
<status status="PASS" starttime="20220501 20:45:16.574" endtime="20220501 20:45:16.574"/>
</kw>
<kw name="Strip String" library="String">
<var>${wall_delete_message_3_url}</var>
<arg>${wall_delete_message_url}&amp;post_id=${wall_delete_id_3}</arg>
<doc>Remove leading and/or trailing whitespaces from the given string.</doc>
<msg timestamp="20220501 20:45:16.574" level="INFO">${wall_delete_message_3_url} = https://api.vk.com/method/wall.delete?access_token=880e44a594166a1f7a1d10884139f111a8c9f39dc8027e5605d5c7114a05bc5d7240e42a39b505cb8eb2f&amp;v=5.81&amp;post_id=181</msg>
<status status="PASS" starttime="20220501 20:45:16.574" endtime="20220501 20:45:16.574"/>
</kw>
<kw name="GET" library="RequestsLibrary">
<var>${wall_delete_message_1_url_resp}</var>
<arg>${wall_delete_message_1_url}</arg>
<doc>Sends a GET request.</doc>
<msg timestamp="20220501 20:45:16.699" level="INFO">GET Request : url=https://api.vk.com/method/wall.delete?access_token=880e44a594166a1f7a1d10884139f111a8c9f39dc8027e5605d5c7114a05bc5d7240e42a39b505cb8eb2f&amp;v=5.81&amp;post_id=183 
 path_url=/method/wall.delete?access_token=880e44a594166a1f7a1d10884139f111a8c9f39dc8027e5605d5c7114a05bc5d7240e42a39b505cb8eb2f&amp;v=5.81&amp;post_id=183 
 headers={'User-Agent': 'python-requests/2.27.1', 'Accept-Encoding': 'gzip, deflate', 'Accept': '*/*', 'Connection': 'keep-alive'} 
 body=None 
 </msg>
<msg timestamp="20220501 20:45:16.699" level="INFO">GET Response : url=https://api.vk.com/method/wall.delete?access_token=880e44a594166a1f7a1d10884139f111a8c9f39dc8027e5605d5c7114a05bc5d7240e42a39b505cb8eb2f&amp;v=5.81&amp;post_id=183 
 status=200, reason=OK 
 headers={'Server': 'kittenx', 'Date': 'Sun, 01 May 2022 17:45:19 GMT', 'Content-Type': 'application/json; charset=utf-8', 'Content-Length': '34', 'Connection': 'keep-alive', 'X-Powered-By': 'KPHP/7.4.110994', 'Set-Cookie': 'remixir=DELETED; expires=Thu, 01 Jan 1970 00:00:01 GMT; path=/; domain=.vk.com; secure; HttpOnly', 'Cache-control': 'no-store', 'X-Frame-Options': 'DENY', 'Content-Encoding': 'gzip'} 
 body={"response":1} 
 </msg>
<msg timestamp="20220501 20:45:16.699" level="INFO">${wall_delete_message_1_url_resp} = &lt;Response [200]&gt;</msg>
<status status="PASS" starttime="20220501 20:45:16.574" endtime="20220501 20:45:16.699"/>
</kw>
<kw name="GET" library="RequestsLibrary">
<var>${wall_delete_message_2_url_resp}</var>
<arg>${wall_delete_message_2_url}</arg>
<doc>Sends a GET request.</doc>
<msg timestamp="20220501 20:45:16.856" level="INFO">GET Request : url=https://api.vk.com/method/wall.delete?access_token=880e44a594166a1f7a1d10884139f111a8c9f39dc8027e5605d5c7114a05bc5d7240e42a39b505cb8eb2f&amp;v=5.81&amp;post_id=182 
 path_url=/method/wall.delete?access_token=880e44a594166a1f7a1d10884139f111a8c9f39dc8027e5605d5c7114a05bc5d7240e42a39b505cb8eb2f&amp;v=5.81&amp;post_id=182 
 headers={'User-Agent': 'python-requests/2.27.1', 'Accept-Encoding': 'gzip, deflate', 'Accept': '*/*', 'Connection': 'keep-alive'} 
 body=None 
 </msg>
<msg timestamp="20220501 20:45:16.856" level="INFO">GET Response : url=https://api.vk.com/method/wall.delete?access_token=880e44a594166a1f7a1d10884139f111a8c9f39dc8027e5605d5c7114a05bc5d7240e42a39b505cb8eb2f&amp;v=5.81&amp;post_id=182 
 status=200, reason=OK 
 headers={'Server': 'kittenx', 'Date': 'Sun, 01 May 2022 17:45:19 GMT', 'Content-Type': 'application/json; charset=utf-8', 'Content-Length': '34', 'Connection': 'keep-alive', 'X-Powered-By': 'KPHP/7.4.110994', 'Set-Cookie': 'remixir=DELETED; expires=Thu, 01 Jan 1970 00:00:01 GMT; path=/; domain=.vk.com; secure; HttpOnly', 'Cache-control': 'no-store', 'X-Frame-Options': 'DENY', 'Content-Encoding': 'gzip'} 
 body={"response":1} 
 </msg>
<msg timestamp="20220501 20:45:16.856" level="INFO">${wall_delete_message_2_url_resp} = &lt;Response [200]&gt;</msg>
<status status="PASS" starttime="20220501 20:45:16.699" endtime="20220501 20:45:16.856"/>
</kw>
<kw name="GET" library="RequestsLibrary">
<var>${wall_delete_message_3_url_resp}</var>
<arg>${wall_delete_message_3_url}</arg>
<doc>Sends a GET request.</doc>
<msg timestamp="20220501 20:45:17.012" level="INFO">GET Request : url=https://api.vk.com/method/wall.delete?access_token=880e44a594166a1f7a1d10884139f111a8c9f39dc8027e5605d5c7114a05bc5d7240e42a39b505cb8eb2f&amp;v=5.81&amp;post_id=181 
 path_url=/method/wall.delete?access_token=880e44a594166a1f7a1d10884139f111a8c9f39dc8027e5605d5c7114a05bc5d7240e42a39b505cb8eb2f&amp;v=5.81&amp;post_id=181 
 headers={'User-Agent': 'python-requests/2.27.1', 'Accept-Encoding': 'gzip, deflate', 'Accept': '*/*', 'Connection': 'keep-alive'} 
 body=None 
 </msg>
<msg timestamp="20220501 20:45:17.028" level="INFO">GET Response : url=https://api.vk.com/method/wall.delete?access_token=880e44a594166a1f7a1d10884139f111a8c9f39dc8027e5605d5c7114a05bc5d7240e42a39b505cb8eb2f&amp;v=5.81&amp;post_id=181 
 status=200, reason=OK 
 headers={'Server': 'kittenx', 'Date': 'Sun, 01 May 2022 17:45:19 GMT', 'Content-Type': 'application/json; charset=utf-8', 'Content-Length': '34', 'Connection': 'keep-alive', 'X-Powered-By': 'KPHP/7.4.110994', 'Set-Cookie': 'remixir=DELETED; expires=Thu, 01 Jan 1970 00:00:01 GMT; path=/; domain=.vk.com; secure; HttpOnly', 'Cache-control': 'no-store', 'X-Frame-Options': 'DENY', 'Content-Encoding': 'gzip'} 
 body={"response":1} 
 </msg>
<msg timestamp="20220501 20:45:17.028" level="INFO">${wall_delete_message_3_url_resp} = &lt;Response [200]&gt;</msg>
<status status="PASS" starttime="20220501 20:45:16.856" endtime="20220501 20:45:17.028"/>
</kw>
<kw name="Log" library="BuiltIn">
<arg>Go to api-url: ${wall_delete_message_1_url}</arg>
<doc>Logs the given message with the given level.</doc>
<msg timestamp="20220501 20:45:17.028" level="INFO">Go to api-url: https://api.vk.com/method/wall.delete?access_token=880e44a594166a1f7a1d10884139f111a8c9f39dc8027e5605d5c7114a05bc5d7240e42a39b505cb8eb2f&amp;v=5.81&amp;post_id=183</msg>
<status status="PASS" starttime="20220501 20:45:17.028" endtime="20220501 20:45:17.028"/>
</kw>
<kw name="Log" library="BuiltIn">
<arg>Go to api-url: ${wall_delete_message_2_url}</arg>
<doc>Logs the given message with the given level.</doc>
<msg timestamp="20220501 20:45:17.028" level="INFO">Go to api-url: https://api.vk.com/method/wall.delete?access_token=880e44a594166a1f7a1d10884139f111a8c9f39dc8027e5605d5c7114a05bc5d7240e42a39b505cb8eb2f&amp;v=5.81&amp;post_id=182</msg>
<status status="PASS" starttime="20220501 20:45:17.028" endtime="20220501 20:45:17.028"/>
</kw>
<kw name="Log" library="BuiltIn">
<arg>Go to api-url: ${wall_delete_message_3_url}</arg>
<doc>Logs the given message with the given level.</doc>
<msg timestamp="20220501 20:45:17.028" level="INFO">Go to api-url: https://api.vk.com/method/wall.delete?access_token=880e44a594166a1f7a1d10884139f111a8c9f39dc8027e5605d5c7114a05bc5d7240e42a39b505cb8eb2f&amp;v=5.81&amp;post_id=181</msg>
<status status="PASS" starttime="20220501 20:45:17.028" endtime="20220501 20:45:17.028"/>
</kw>
<tag>PositiveTest</tag>
<tag>SmokeTesting</tag>
<tag>wall.postMethod</tag>
<status status="PASS" starttime="20220501 20:45:16.355" endtime="20220501 20:45:17.028"/>
</test>
<doc>Functional approach to test wall.post API-method</doc>
<status status="PASS" starttime="20220501 20:45:15.602" endtime="20220501 20:45:17.043"/>
</suite>
<statistics>
<total>
<stat pass="3" fail="0" skip="0">All Tests</stat>
</total>
<tag>
<stat pass="3" fail="0" skip="0">PositiveTest</stat>
<stat pass="3" fail="0" skip="0">SmokeTesting</stat>
<stat pass="3" fail="0" skip="0">wall.postMethod</stat>
</tag>
<suite>
<stat pass="3" fail="0" skip="0" id="s1" name="Wall.Post Api">Wall.Post Api</stat>
</suite>
</statistics>
<errors>
</errors>
</robot>
