<?xml version="1.0" encoding="UTF-8"?>
<robot generator="Robot 5.0 (Python 3.9.10 on win32)" generated="20220501 20:03:50.057" rpa="false" schemaversion="3">
<suite id="s1" name="Aviability Auth" source="C:\Users\MJald\PycharmProjects\VK-API_Test\Test_suites\aviability_auth.robot">
<test id="s1-t1" name="Aviability vk.com" line="12">
<kw name="Create Session" library="RequestsLibrary">
<arg>vk</arg>
<arg>https://vk.com</arg>
<doc>Create Session: create a HTTP session to a server</doc>
<msg timestamp="20220501 20:03:50.153" level="INFO">Creating Session using : alias=vk, url=https://vk.com, headers={},                     cookies={}, auth=None, timeout=None, proxies=None, verify=False,                     debug=0 </msg>
<status status="PASS" starttime="20220501 20:03:50.153" endtime="20220501 20:03:50.154"/>
</kw>
<kw name="Log" library="BuiltIn">
<arg>Go to url: https://vk.com</arg>
<doc>Logs the given message with the given level.</doc>
<msg timestamp="20220501 20:03:50.154" level="INFO">Go to url: https://vk.com</msg>
<status status="PASS" starttime="20220501 20:03:50.154" endtime="20220501 20:03:50.154"/>
</kw>
<kw name="GET On Session" library="RequestsLibrary">
<var>${av_resp_vk}</var>
<arg>vk</arg>
<arg>/</arg>
<arg>expected_status=200</arg>
<doc>Sends a GET request on a previously created HTTP Session.</doc>
<msg timestamp="20220501 20:03:50.417" level="INFO">GET Request : url=https://vk.com/ (redirected) 
 path_url=/ 
 headers={'User-Agent': 'python-requests/2.27.1', 'Accept-Encoding': 'gzip, deflate', 'Accept': '*/*', 'Connection': 'keep-alive'} 
 body=None 
 </msg>
<msg timestamp="20220501 20:03:50.418" level="INFO">GET Response : url=https://m.vk.com/ 
 status=200, reason=OK 
 headers={'Server': 'kittenx', 'Date': 'Sun, 01 May 2022 17:03:52 GMT', 'Content-Type': 'text/html; charset=utf-8', 'Content-Length': '20585', 'Connection': 'keep-alive', 'X-Powered-By': 'KPHP/7.4.110994', 'Set-Cookie': 'remixir=DELETED; expires=Thu, 01 Jan 1970 00:00:01 GMT; path=/; domain=.vk.com; secure; HttpOnly, remixir=DELETED; expires=Thu, 01 Jan 1970 00:00:01 GMT; path=/; domain=.vk.com; secure; HttpOnly, remixlgck=48c1d6d7e46d9a9fa9; expires=Tue, 25 Apr 2023 07:16:37 GMT; path=/; domain=.vk.com; secure; HttpOnly, remixstid=718340602_FIZtMWXhaZWMQL8kL39pmtZ5OzmI8foUYxdreEYMpps; expires=Fri, 05 May 2023 14:39:31 GMT; path=/; domain=.vk.com; secure, remixQUIC=1; expires=Thu, 04 May 2023 05:52:31 GMT; path=/; domain=.vk.com; secure, remixaudio_show_alert_today=0; expires=Mon, 02 May 2022 17:03:52 GMT; path=/; domain=.vk.com; secure, remixff=0; expires=Wed, 11 May 2022 17:03:52 GMT; path=/; domain=.vk.com; secure, remixua=-1%7C-1%7C312%7C2062040528; expires=Tue, 02 May 2023 16:14:51 GMT; path=/; domain=.vk.com; secure', 'Cache-control': 'no-store', 'X-Frame-Options': 'SAMEORIGIN', 'Content-Security-Policy': "default-src * data: blob: about: vkcalls:;script-src 'self' https://vk.com https://*.vk.com https://vk.ru https://*.vk.ru https://static.vk.me https://*.mail.ru https://r.mradx.net https://s.ytimg.com https://platform.twitter.com https://cdn.syndication.twimg.com https://www.instagram.com https://connect.facebook.net https://telegram.org https://*.yandex.ru https://*.google-analytics.com https://*.youtube.com https://maps.googleapis.com https://translate.googleapis.com https://*.google.com https://google.com https://*.vkpartner.ru https://*.moatads.com https://*.adlooxtracking.ru https://*.serving-sys.ru https://*.weborama-tech.ru https://*.gstatic.com https://*.google.ru https://securepubads.g.doubleclick.net https://cdn.ampproject.org https://www.googletagmanager.com https://googletagmanager.com https://*.vk-cdn.net https://*.hit.gemius.pl https://yastatic.net https://analytics.tiktok.com 'unsafe-inline' 'unsafe-eval' blob:;style-src https://vk.com https://*.vk.com https://vk.ru https://*.vk.ru https://static.vk.me https://r.mradx.net https://ton.twimg.com https://tagmanager.google.com https://platform.twitter.com https://*.googleapis.com 'self' 'unsafe-inline';report-uri /csp", 'X-XSS-Protection': '1; report=/xss_reports', 'Content-Encoding': 'gzip', 'Strict-Transport-Security': 'max-age=15768000', 'alt-svc': 'h3=":443"; ma=86400,h3-29=":443"; ma=86400'} 
 body=            &lt;!DOCTYPE html&gt;
      &lt;html lang="ru" class="vk vk_js_no vk_1x vk_flex_no r d h  vk_appAuth_no n vk_old  vk_schemes_no   "&gt;
      &lt;head&gt;
              &lt;meta charset="utf-8"&gt;
        &lt;meta name="viewport" content="width=device-width, initial-scale=1.0, minimum-scale=1.0, maximum-scale=1.0, minimal-ui, user-scalable=no" /&gt;
        &lt;meta name="format-detection" content="telephone=no" /&gt;
        &lt;meta http-equiv="X-UA-Compatible" content="IE=edge" /&gt;
        &lt;meta name="MobileOptimized" content="176" /&gt;
        &lt;meta name="HandheldFriendly" content="True" /&gt;
        &lt;base id="base"&gt;
        
        &lt;meta name="description" content="ВКонтакте – универсальное средство для общения и поиска друзей и одноклассников, которым ежедневно пользуются десятки миллионов человек. Мы хотим, чтобы друзья, однокурсники, одноклассники, соседи и коллеги всегда оставались в контакте." /&gt;
        &lt;meta property="og:description" content="ВКонтакте – универсальное средство для общения и поиска друзей и одноклассников, которым ежедневно пользуются десятки миллионов человек. Мы хотим, чтобы друзья, однокурсники, одноклассники, соседи и коллеги всегда оставались в контакте." /&gt;
        &lt;link rel="shortcut icon" href="/images/icons/favicons/fav_logo.ico?8"&gt;&lt;/link&gt;
            &lt;meta name="theme-color" content="#ffffff" /&gt;
    &lt;link rel="icon" type="image/png" sizes="32x32" href="/images/icons/pwa/favicon_32.png?12"&gt;
    &lt;link rel="apple-touch-icon" href="/images/icons/pwa/apple/default.png?15"&gt;
    &lt;meta name="apple-mobile-web-app-title" content="ВКонтакте"&gt;
    &lt;meta name="application-name" content="ВКонтакте"&gt;
    &lt;meta name="mobile-web-app-capable" content="yes"&gt;
    &lt;meta name="apple-mobile-web-app-status-bar-style" content="black"&gt;
        &lt;title&gt;Мобильная версия ВКонтакте | ВКонтакте&lt;/title&gt;
        &lt;meta http-equiv="origin-trial" content="Av8ECqeAAIiC9bF3N7aq2M/TaxNzzpPcFXnw0rRb9KRUQlbyHKYmPj6KeVUFVDk+S7W9RfJH2GsEOS8G99uJvgcAAABaeyJvcmlnaW4iOiJodHRwczovL3ZrLmNvbTo0NDMiLCJmZWF0dXJlIjoiQmFkZ2luZyIsImV4cGlyeSI6MTU2MTY2MTkxNCwiaXNTdWJkb21haW4iOnRydWV9"&gt;
        &lt;script nomodule&gt;window.nomodules = true;&lt;/script&gt;
        
        &lt;script&gt;
          (function() {
            window.vk = {"id":0,"__debug":false,"__dev":false,"__domain":"vk.com","wsTransport":"https:\/\/stats.vk-portal.net","statsMeta":{"platform":"mvk","st":false,"time":1651424632,"hash":"Lzf8LxULj21ZMu3Q4lfdaxqagxmgWkl6UuRswAMXT8D"},"tnsPixelType":"unauth","tnsPixelSocdem":"13","platform":"mvk","liteMode":{"enabled":false,"reminderDisabled":false,"hash":"607f7684b9a5676efd"},"apiConfigDomains":{"apiDomain":"api.vk.com","loginDomain":"login.vk.com","connectDomain":"id.vk.com"},"rv":"110994","ts":1651424632,"sw":null,"stFiles":{"https:\/\/st1-24.vk.com\/css\/mobile\/legacy_fallback.6402e2f058cb85d20f0e.css":"","https:\/\/st1-24.vk.com\/css\/mobile\/common_fallback.5d99099c0582900b097e.css":"","https:\/\/st1-24.vk.com\/css\/mobile\/audio_fallback.f9caf211443f042b17fe.css":"","https:\/\/st1-24.vk.com\/css\/mobile\/vkui_fallback.0d6a49e529dd18a64255.css":"","https:\/\/st1-24.vk.com\/css\/mobile\/qsearch_fallback.2a13b06297e7f1270f79.css":"","https:\/\/st1-24.vk.com\/css\/mobile\/unauthorized_fallback.7a1171234b462153c7d1.css":"","https:\/\/st1-24.vk.com\/css\/mobile\/owner_photo_upload_fallback.1fb24145e70ab89dfe13.css":"","https:\/\/st1-24.vk.com\/dist\/mobile\/runtime_fallback.a612f33a8287e8f037d3.js":"639533b7fbf4ed1e3f505cd8efa937bfcef7e814f0a2890139fafc4461522709","https:\/\/st1-24.vk.com\/dist\/mobile\/vendor_fallback.b4d25652543a7c0a70aa.js":"0033d7325e72c5d3cfe36143e456b7a4b483c1d942c17b40ff988047c9beff51","https:\/\/st1-24.vk.com\/dist\/mobile\/vendor~effector_fallback.0a45c7ce887e4e838eba.js":"67626c02b28f1bd05164fc5e8367115dea64d95d8651a5c7fbdc7be1d88b2940","https:\/\/st1-24.vk.com\/dist\/mobile\/vendor~vkjs_fallback.5fd79732062f952c9b53.js":"f5c16071d0bf7a40ca3ad2424a2691708d63462536ca37f4936406d2cdbfb0a6","https:\/\/st1-24.vk.com\/dist\/mobile\/nav_fallback.0cda8436a48135171bcd.js":"24bf0d57ed6063db4d602808ad86829401564f5858af8b252707acdc372c563d","https:\/\/st1-24.vk.com\/dist\/mobile\/vendor~vkui_fallback.1f3e9c2baa58f01ac6ea.css":"7b440217c453aab438091666707c0165f5108ec83b31eb6a1ae6ede69f2f38f4","https:\/\/st1-24.vk.com\/dist\/mobile\/vendor~vkui_fallback.fba0969674934179c835.js":"f1db81b4175bf85ed04a2e73f8eaf0fa20b83705e61cc9183fc2aebf486e7cac","https:\/\/st1-24.vk.com\/dist\/mobile\/vendor~icons_fallback.8d5d87726c45abe7d625.js":"557633c0a4e6026df8491a65b28ba7cb833e826402aa54ac0ce1b05331390716","https:\/\/st1-24.vk.com\/dist\/mobile\/vendor~react_fallback.b92c89db27d631afc1ad.js":"389a696ab668a66ddabcca4f40b4621cd47434487fa16d042285d733440a78f0","https:\/\/st1-24.vk.com\/dist\/mobile\/vendor~search_fallback.562e2ab04e95d7c8e913.js":"9bb70991aece96519e27ae4af10bb889eefab8ec3086b977ce4d924ac94c4957","https:\/\/st1-24.vk.com\/dist\/mobile\/b-9cc159b252ea56d9f319da367195ad0d_fallback.2b7c58f59288fc0a0912.js":"a75b776125be26e98c26d24c9661c6f3e030bd64052e23b18dd249b27bcd60e7","https:\/\/st1-24.vk.com\/dist\/mobile\/b-de9aff1ba374be3ad1bd71787342cd05_fallback.4aa998771c92e0e3c59e.js":"982abdff4a58a85d0e680dd796172bd3646b57b43e43cc6116132f25480f30ac","https:\/\/st1-24.vk.com\/dist\/mobile\/b-aaef76d1bfa07e495a900c08a2bb7209_fallback.eea8ae2377a4958324e8.js":"c05c109f32c7ea07636d908fe5686561b444eb8ccc9a980b4517155ba116c99a","https:\/\/st1-24.vk.com\/dist\/mobile\/qsearch_fallback.ca7a839ea6ca3fc232e1.js":"ec7081bd70522f9ad7dabd19cf20d3b070b9b601e09aaf8d227d44d64659196e","https:\/\/st1-24.vk.com\/dist\/mobile\/grip_fallback.36a545c6e3d38a8f985e.js":"673ae61df658f561cd1b0fe981fe5e79f4ca0b81fc15744bd9ba7bf63c040145","https:\/\/st1-24.vk.com\/dist\/mobile\/icons_fallback.a01d5182d258aa21027a.js":"f4668474d14879b5916cb263946c80f5c34b9e1db8fb3ddaf8391b58d208f2b4","https:\/\/st1-24.vk.com\/dist\/mobile\/b-76854bda4599276ac2be0ada4c9e1f43_fallback.0b83c15700a298ba6b0b.js":"8a1e1a22cf623ed3a8b246a71d00d3b7111be12808b6e933c5016d1246487b8d","https:\/\/st1-24.vk.com\/dist\/mobile\/unauthorized_fallback.288e837c6363adad9755.js":"ad7c97f1088905d10f9088a2cd1fc7e148a1dce51a9e143696972cb4fe792478","https:\/\/st1-24.vk.com\/dist\/mobile\/b-4a61fd63433cdfcd968f10340d316389_fallback.6cc8f2f6e7d730690d38.js":"0b99d974c296869b2d2149a9f0b0eb30c10f5e6b1ca4c6378f1057f3cc20a296","https:\/\/st1-24.vk.com\/dist\/mobile\/b-15c087def54fed6aafb1b442811b4041_fallback.2a641b1aa7e3342483d1.js":"dfd04090ed01f5daabbf8a70a063888f9602c5b565d8238370f5cecdac95b9ad","https:\/\/st1-24.vk.com\/dist\/mobile\/owner_photo_upload_fallback.725f89ea60ee69570ec3.js":"379d0c6e453d0bcbf4657949026736e881b4777044ca89d0c38b155a90c8e497"},"stDomain":"https:\/\/st1-24.vk.com","stNavMap":{"^\\\/join":["https:\/\/st1-24.vk.com\/dist\/mobile\/runtime_fallback.a612f33a8287e8f037d3.js","https:\/\/st1-24.vk.com\/dist\/mobile\/vendor_fallback.b4d25652543a7c0a70aa.js","https:\/\/st1-24.vk.com\/dist\/mobile\/vendor~effector_fallback.0a45c7ce887e4e838eba.js","https:\/\/st1-24.vk.com\/dist\/mobile\/vendor~vkjs_fallback.5fd79732062f952c9b53.js","https:\/\/st1-24.vk.com\/dist\/mobile\/nav_fallback.0cda8436a48135171bcd.js","https:\/\/st1-24.vk.com\/dist\/mobile\/icons_fallback.a01d5182d258aa21027a.js","https:\/\/st1-24.vk.com\/dist\/mobile\/b-9cc159b252ea56d9f319da367195ad0d_fallback.2b7c58f59288fc0a0912.js","https:\/\/st1-24.vk.com\/dist\/mobile\/b-de9aff1ba374be3ad1bd71787342cd05_fallback.4aa998771c92e0e3c59e.js","https:\/\/st1-24.vk.com\/dist\/mobile\/b-aaef76d1bfa07e495a900c08a2bb7209_fallback.eea8ae2377a4958324e8.js","https:\/\/st1-24.vk.com\/dist\/mobile\/join_fallback.02cf31ad5d88eb6228de.js","https:\/\/st1-24.vk.com\/css\/mobile\/join_fallback.32b9a4f0f3a889ec7b6b.css"],"promocode(\\\/([0-9a-zA-Z-]+))?":["https:\/\/st1-24.vk.com\/dist\/mobile\/runtime_fallback.a612f33a8287e8f037d3.js","https:\/\/st1-24.vk.com\/dist\/mobile\/vendor_fallback.b4d25652543a7c0a70aa.js","https:\/\/st1-24.vk.com\/dist\/mobile\/vendor~effector_fallback.0a45c7ce887e4e838eba.js","https:\/\/st1-24.vk.com\/dist\/mobile\/vendor~vkjs_fallback.5fd79732062f952c9b53.js","https:\/\/st1-24.vk.com\/dist\/mobile\/nav_fallback.0cda8436a48135171bcd.js","https:\/\/st1-24.vk.com\/dist\/mobile\/icons_fallback.a01d5182d258aa21027a.js","https:\/\/st1-24.vk.com\/dist\/mobile\/b-9cc159b252ea56d9f319da367195ad0d_fallback.2b7c58f59288fc0a0912.js","https:\/\/st1-24.vk.com\/dist\/mobile\/b-de9aff1ba374be3ad1bd71787342cd05_fallback.4aa998771c92e0e3c59e.js","https:\/\/st1-24.vk.com\/dist\/mobile\/b-aaef76d1bfa07e495a900c08a2bb7209_fallback.eea8ae2377a4958324e8.js","https:\/\/st1-24.vk.com\/dist\/mobile\/b-4a61fd63433cdfcd968f10340d316389_fallback.6cc8f2f6e7d730690d38.js","https:\/\/st1-24.vk.com\/dist\/mobile\/promocode_fallback.d629819da5657d180ca6.js","https:\/\/st1-24.vk.com\/css\/mobile\/promocode_fallback.1aa8a4979f831f369e3c.css"],"^\\\/audio":["https:\/\/st1-24.vk.com\/dist\/mobile\/runtime_fallback.a612f33a8287e8f037d3.js","https:\/\/st1-24.vk.com\/dist\/mobile\/vendor_fallback.b4d25652543a7c0a70aa.js","https:\/\/st1-24.vk.com\/dist\/mobile\/vendor~effector_fallback.0a45c7ce887e4e838eba.js","https:\/\/st1-24.vk.com\/dist\/mobile\/vendor~vkjs_fallback.5fd79732062f952c9b53.js","https:\/\/st1-24.vk.com\/dist\/mobile\/nav_fallback.0cda8436a48135171bcd.js","https:\/\/st1-24.vk.com\/dist\/mobile\/icons_fallback.a01d5182d258aa21027a.js","https:\/\/st1-24.vk.com\/dist\/mobile\/b-9cc159b252ea56d9f319da367195ad0d_fallback.2b7c58f59288fc0a0912.js","https:\/\/st1-24.vk.com\/dist\/mobile\/b-de9aff1ba374be3ad1bd71787342cd05_fallback.4aa998771c92e0e3c59e.js","https:\/\/st1-24.vk.com\/dist\/mobile\/b-aaef76d1bfa07e495a900c08a2bb7209_fallback.eea8ae2377a4958324e8.js","https:\/\/st1-24.vk.com\/dist\/mobile\/b-4a61fd63433cdfcd968f10340d316389_fallback.6cc8f2f6e7d730690d38.js","https:\/\/st1-24.vk.com\/dist\/mobile\/b-76854bda4599276ac2be0ada4c9e1f43_fallback.0b83c15700a298ba6b0b.js","https:\/\/st1-24.vk.com\/dist\/mobile\/audio_fallback.e122e06c21629d31b921.js"],"^\\\/video":["http... (set the log level to DEBUG or TRACE to see the full content) 
 </msg>
<msg timestamp="20220501 20:03:50.420" level="INFO">c:\users\mjald\pycharmprojects\robotframework\venv\lib\site-packages\urllib3\connectionpool.py:1043: InsecureRequestWarning: Unverified HTTPS request is being made to host 'vk.com'. Adding certificate verification is strongly advised. See: https://urllib3.readthedocs.io/en/1.26.x/advanced-usage.html#ssl-warnings
  warnings.warn(
c:\users\mjald\pycharmprojects\robotframework\venv\lib\site-packages\urllib3\connectionpool.py:1043: InsecureRequestWarning: Unverified HTTPS request is being made to host 'm.vk.com'. Adding certificate verification is strongly advised. See: https://urllib3.readthedocs.io/en/1.26.x/advanced-usage.html#ssl-warnings
  warnings.warn(</msg>
<msg timestamp="20220501 20:03:50.420" level="INFO">${av_resp_vk} = &lt;Response [200]&gt;</msg>
<status status="PASS" starttime="20220501 20:03:50.155" endtime="20220501 20:03:50.420"/>
</kw>
<kw name="Should Be Equal As Strings" library="BuiltIn">
<arg>${av_resp_vk.reason}</arg>
<arg>OK</arg>
<doc>Fails if objects are unequal after converting them to strings.</doc>
<status status="PASS" starttime="20220501 20:03:50.424" endtime="20220501 20:03:50.427"/>
</kw>
<kw name="Status Should Be" library="RequestsLibrary">
<arg>200</arg>
<arg>${av_resp_vk}</arg>
<doc>Fails if response status code is different than the expected.</doc>
<status status="PASS" starttime="20220501 20:03:50.428" endtime="20220501 20:03:50.429"/>
</kw>
<tag>Authorization</tag>
<tag>Aviability</tag>
<tag>PositiveTest</tag>
<tag>SmokeTesting</tag>
<status status="PASS" starttime="20220501 20:03:50.153" endtime="20220501 20:03:50.431"/>
</test>
<test id="s1-t2" name="Authorization vk.com" line="20">
<kw name="GET" library="RequestsLibrary">
<var>${au_resp_vk}</var>
<arg>${profile_url}</arg>
<doc>Sends a GET request.</doc>
<msg timestamp="20220501 20:03:50.556" level="INFO">GET Request : url=https://api.vk.com/method/account.getInfo?access_token=880e44a594166a1f7a1d10884139f111a8c9f39dc8027e5605d5c7114a05bc5d7240e42a39b505cb8eb2f&amp;v=5.81 
 path_url=/method/account.getInfo?access_token=880e44a594166a1f7a1d10884139f111a8c9f39dc8027e5605d5c7114a05bc5d7240e42a39b505cb8eb2f&amp;v=5.81 
 headers={'User-Agent': 'python-requests/2.27.1', 'Accept-Encoding': 'gzip, deflate', 'Accept': '*/*', 'Connection': 'keep-alive'} 
 body=None 
 </msg>
<msg timestamp="20220501 20:03:50.557" level="INFO">GET Response : url=https://api.vk.com/method/account.getInfo?access_token=880e44a594166a1f7a1d10884139f111a8c9f39dc8027e5605d5c7114a05bc5d7240e42a39b505cb8eb2f&amp;v=5.81 
 status=200, reason=OK 
 headers={'Server': 'kittenx', 'Date': 'Sun, 01 May 2022 17:03:52 GMT', 'Content-Type': 'application/json; charset=utf-8', 'Content-Length': '356', 'Connection': 'keep-alive', 'X-Powered-By': 'KPHP/7.4.110994', 'Set-Cookie': 'remixir=DELETED; expires=Thu, 01 Jan 1970 00:00:01 GMT; path=/; domain=.vk.com; secure; HttpOnly', 'Cache-control': 'no-store', 'X-Frame-Options': 'DENY', 'Content-Encoding': 'gzip'} 
 body={"response":{"2fa_required":0,"country":"RU","https_required":1,"intro":0,"community_comments":false,"lang":0,"no_wall_replies":0,"own_posts_default":0,"vk_pay_endpoint_v2":"https:\/\/ea-miniapp.vkpay.io\/?vk_access_token_settings=&amp;vk_app_id=7131443&amp;vk_are_notifications_enabled=0&amp;vk_experiment=eyIxNjE4IjowfQ&amp;vk_is_app_user=0&amp;vk_is_favorite=0&amp;vk_language=ru&amp;vk_platform=&amp;vk_ref=other&amp;vk_ts=1651424632&amp;vk_user_id=722653447&amp;sign=fEmK58zZ8Tyd3m3qh9Ka0VKeZF0xVakDGLOPlx7i9vQ"}} 
 </msg>
<msg timestamp="20220501 20:03:50.557" level="INFO">${au_resp_vk} = &lt;Response [200]&gt;</msg>
<status status="PASS" starttime="20220501 20:03:50.436" endtime="20220501 20:03:50.557"/>
</kw>
<kw name="Log" library="BuiltIn">
<arg>Go to url: ${profile_url}</arg>
<doc>Logs the given message with the given level.</doc>
<msg timestamp="20220501 20:03:50.560" level="INFO">Go to url: https://api.vk.com/method/account.getInfo?access_token=880e44a594166a1f7a1d10884139f111a8c9f39dc8027e5605d5c7114a05bc5d7240e42a39b505cb8eb2f&amp;v=5.81</msg>
<status status="PASS" starttime="20220501 20:03:50.559" endtime="20220501 20:03:50.560"/>
</kw>
<kw name="Log" library="BuiltIn">
<arg>Country by ip: ${au_resp_vk.json()}[response][country]</arg>
<doc>Logs the given message with the given level.</doc>
<msg timestamp="20220501 20:03:50.564" level="INFO">Country by ip: RU</msg>
<status status="PASS" starttime="20220501 20:03:50.561" endtime="20220501 20:03:50.564"/>
</kw>
<kw name="Should Match Regexp" library="BuiltIn">
<arg>${au_resp_vk.json()}[response][country]</arg>
<arg>[A-z]</arg>
<doc>Fails if ``string`` does not match ``pattern`` as a regular expression.</doc>
<status status="PASS" starttime="20220501 20:03:50.565" endtime="20220501 20:03:50.568"/>
</kw>
<tag>Authorization</tag>
<tag>Aviability</tag>
<tag>PositiveTest</tag>
<tag>SmokeTesting</tag>
<status status="PASS" starttime="20220501 20:03:50.435" endtime="20220501 20:03:50.570"/>
</test>
<doc>Positive test of vk.com accessibility and authorization by token</doc>
<status status="PASS" starttime="20220501 20:03:50.058" endtime="20220501 20:03:50.575"/>
</suite>
<statistics>
<total>
<stat pass="2" fail="0" skip="0">All Tests</stat>
</total>
<tag>
<stat pass="2" fail="0" skip="0">Authorization</stat>
<stat pass="2" fail="0" skip="0">Aviability</stat>
<stat pass="2" fail="0" skip="0">PositiveTest</stat>
<stat pass="2" fail="0" skip="0">SmokeTesting</stat>
</tag>
<suite>
<stat pass="2" fail="0" skip="0" id="s1" name="Aviability Auth">Aviability Auth</stat>
</suite>
</statistics>
<errors>
</errors>
</robot>
